2021-03-17 18:25:21 INFO  inetBanking:14 - URL is opened
2021-03-17 18:25:21 INFO  inetBanking:18 - username entered
2021-03-17 18:25:21 INFO  inetBanking:20 - password entered
2021-03-17 18:25:22 INFO  inetBanking:22 - clicked on submit button
2021-03-17 18:25:22 INFO  inetBanking:25 - login test passed
2021-03-19 09:59:53 INFO  inetBanking:14 - URL is opened
2021-03-19 09:59:54 INFO  inetBanking:18 - username entered
2021-03-19 09:59:54 INFO  inetBanking:20 - password entered
2021-03-19 09:59:54 INFO  inetBanking:22 - clicked on submit button
2021-03-19 10:04:32 INFO  inetBanking:14 - URL is opened
2021-03-19 10:04:32 INFO  inetBanking:18 - username entered
2021-03-19 10:04:32 INFO  inetBanking:20 - password entered
2021-03-19 10:04:33 INFO  inetBanking:22 - clicked on submit button
2021-03-19 10:09:52 INFO  inetBanking:14 - URL is opened
2021-03-19 10:09:53 INFO  inetBanking:18 - username entered
2021-03-19 10:09:53 INFO  inetBanking:20 - password entered
2021-03-19 10:09:53 INFO  inetBanking:22 - clicked on submit button
2021-03-19 10:14:59 INFO  inetBanking:14 - URL is opened
2021-03-19 10:14:59 INFO  inetBanking:18 - username entered
2021-03-19 10:14:59 INFO  inetBanking:20 - password entered
2021-03-19 10:17:04 INFO  inetBanking:14 - URL is opened
2021-03-19 10:17:05 INFO  inetBanking:18 - username entered
2021-03-19 10:17:05 INFO  inetBanking:20 - password entered
2021-03-19 10:24:17 INFO  inetBanking:14 - URL is opened
2021-03-19 10:24:17 INFO  inetBanking:18 - username entered
2021-03-19 10:24:18 INFO  inetBanking:20 - password entered
2021-03-19 10:24:18 INFO  inetBanking:22 - clicked on submit button
2021-03-19 10:24:18 INFO  inetBanking:25 - login test passed
2021-03-23 11:00:31 INFO  inetBanking:15 - URL is opened
2021-03-23 11:00:31 INFO  inetBanking:19 - username entered
2021-03-23 11:00:31 INFO  inetBanking:21 - password entered
2021-03-23 11:00:31 INFO  inetBanking:23 - clicked on submit button
2021-03-23 11:01:15 INFO  inetBanking:15 - URL is opened
2021-03-23 11:01:59 INFO  inetBanking:19 - username entered
2021-03-23 11:02:07 INFO  inetBanking:21 - password entered
2021-03-23 11:05:02 INFO  inetBanking:15 - URL is opened
2021-03-23 11:05:03 INFO  inetBanking:19 - username entered
2021-03-23 11:05:03 INFO  inetBanking:23 - password entered
2021-03-23 11:05:03 INFO  inetBanking:25 - clicked on submit button
2021-03-23 11:06:24 INFO  inetBanking:15 - URL is opened
2021-03-23 11:06:24 INFO  inetBanking:19 - username entered
2021-03-23 11:06:25 INFO  inetBanking:23 - password entered
2021-03-23 11:06:25 INFO  inetBanking:25 - clicked on submit button
2021-03-23 11:07:13 INFO  inetBanking:15 - URL is opened
2021-03-23 11:07:13 INFO  inetBanking:19 - username entered
2021-03-23 11:07:13 INFO  inetBanking:23 - password entered
2021-03-23 11:07:14 INFO  inetBanking:25 - clicked on submit button
2021-03-23 11:07:14 INFO  inetBanking:28 - login test passed
2021-03-23 11:08:22 INFO  inetBanking:15 - URL is opened
2021-03-23 11:08:22 INFO  inetBanking:19 - username entered
2021-03-23 11:08:23 INFO  inetBanking:23 - password entered
2021-03-23 11:08:23 INFO  inetBanking:25 - clicked on submit button
2021-03-23 11:08:23 INFO  inetBanking:28 - login test passed
2021-03-23 13:35:10 INFO  inetBanking:15 - URL is opened
2021-03-23 13:35:10 INFO  inetBanking:19 - username entered
2021-03-23 13:35:10 INFO  inetBanking:23 - password entered
2021-03-23 13:35:11 INFO  inetBanking:25 - clicked on submit button
2021-03-23 13:35:11 INFO  inetBanking:28 - login test passed
2021-03-23 17:27:07 INFO  inetBanking:15 - URL is opened
2021-03-23 17:27:07 INFO  inetBanking:19 - username entered
2021-03-23 17:27:08 INFO  inetBanking:23 - password entered
2021-03-23 17:27:08 INFO  inetBanking:25 - clicked on submit button
2021-03-23 17:27:08 INFO  inetBanking:28 - login test passed
2021-03-23 17:39:06 INFO  inetBanking:15 - URL is opened
2021-03-23 17:39:06 INFO  inetBanking:19 - username entered
2021-03-23 17:39:06 INFO  inetBanking:23 - password entered
2021-03-23 17:39:07 INFO  inetBanking:25 - clicked on submit button
2021-03-23 17:39:07 INFO  inetBanking:28 - login test passed
2021-03-26 09:40:59 INFO  inetBanking:15 - URL is opened
2021-03-26 09:40:59 INFO  inetBanking:19 - username entered
2021-03-26 09:40:59 INFO  inetBanking:23 - password entered
2021-03-26 09:41:00 INFO  inetBanking:25 - clicked on submit button
2021-03-26 09:41:00 INFO  inetBanking:28 - login test passed
